0 info it worked if it ends with ok
1 verbose cli [ 'node', '/usr/local/bin/npm', 'publish' ]
2 info using npm@2.14.4
3 info using node@v0.12.7
4 verbose node symlink /usr/local/bin/node
5 verbose publish [ '.' ]
6 silly cache add args [ '.', null ]
7 verbose cache add spec .
8 silly cache add parsed spec { raw: '.',
8 silly cache add   scope: null,
8 silly cache add   name: null,
8 silly cache add   rawSpec: '.',
8 silly cache add   spec: '/Users/eugen/wp/atom-stylus',
8 silly cache add   type: 'directory' }
9 verbose addLocalDirectory /Users/eugen/.npm/fork-language-stylus/0.0.1/package.tgz not in flight; packing
10 verbose tar pack [ '/Users/eugen/.npm/fork-language-stylus/0.0.1/package.tgz',
10 verbose tar pack   '/Users/eugen/wp/atom-stylus' ]
11 verbose tarball /Users/eugen/.npm/fork-language-stylus/0.0.1/package.tgz
12 verbose folder /Users/eugen/wp/atom-stylus
13 info prepublish fork-language-stylus@0.0.1
14 verbose addLocalTarball adding from inside cache /Users/eugen/.npm/fork-language-stylus/0.0.1/package.tgz
15 silly cache afterAdd fork-language-stylus@0.0.1
16 verbose afterAdd /Users/eugen/.npm/fork-language-stylus/0.0.1/package/package.json not in flight; writing
17 verbose afterAdd /Users/eugen/.npm/fork-language-stylus/0.0.1/package/package.json written
18 silly publish { name: 'fork-language-stylus',
18 silly publish   version: '0.0.1',
18 silly publish   private: true,
18 silly publish   description: 'Stylus TextMate bundle converted for Atom',
18 silly publish   repository:
18 silly publish    { type: 'git',
18 silly publish      url: 'git+https://github.com/devongovett/atom-stylus.git' },
18 silly publish   license: 'MIT',
18 silly publish   engines: { atom: '>0.50.0' },
18 silly publish   dependencies: {},
18 silly publish   readme: '# atom-stylus\n\nThe [Stylus TextMate bundle](https://github.com/LearnBoost/stylus/tree/master/editors/Stylus.tmbundle) \nconverted for [Atom](https://atom.io/).\n',
18 silly publish   readmeFilename: 'README.md',
18 silly publish   gitHead: '827ced06875f46f0cbee75274795b0397a6f86b9',
18 silly publish   bugs: { url: 'https://github.com/devongovett/atom-stylus/issues' },
18 silly publish   homepage: 'https://github.com/devongovett/atom-stylus#readme',
18 silly publish   _id: 'fork-language-stylus@0.0.1',
18 silly publish   scripts: {},
18 silly publish   _shasum: '20564d5e8b58a7e78a67b55cb6c2ede44739b1c6',
18 silly publish   _from: '.' }
19 verbose getPublishConfig undefined
20 verbose stack Error: This package has been marked as private
20 verbose stack Remove the 'private' field from the package.json to publish it.
20 verbose stack     at publish_ (/usr/local/lib/node_modules/npm/lib/publish.js:98:5)
20 verbose stack     at Array.<anonymous> (/usr/local/lib/node_modules/npm/node_modules/slide/lib/bind-actor.js:15:8)
20 verbose stack     at LOOP (/usr/local/lib/node_modules/npm/node_modules/slide/lib/chain.js:15:14)
20 verbose stack     at LOOP (/usr/local/lib/node_modules/npm/node_modules/slide/lib/chain.js:14:28)
20 verbose stack     at chain (/usr/local/lib/node_modules/npm/node_modules/slide/lib/chain.js:20:5)
20 verbose stack     at /usr/local/lib/node_modules/npm/lib/publish.js:73:5
20 verbose stack     at RES (/usr/local/lib/node_modules/npm/node_modules/inflight/inflight.js:23:14)
20 verbose stack     at f (/usr/local/lib/node_modules/npm/node_modules/once/once.js:17:25)
20 verbose stack     at /usr/local/lib/node_modules/npm/lib/cache.js:350:14
20 verbose stack     at /usr/local/lib/node_modules/npm/node_modules/write-file-atomic/index.js:29:15
21 verbose cwd /Users/eugen/wp/atom-stylus
22 error Darwin 14.5.0
23 error argv "node" "/usr/local/bin/npm" "publish"
24 error node v0.12.7
25 error npm  v2.14.4
26 error This package has been marked as private
26 error Remove the 'private' field from the package.json to publish it.
27 error If you need help, you may report this error at:
27 error     <https://github.com/npm/npm/issues>
28 verbose exit [ 1, true ]
